<?xml version="1.0" encoding="UTF-8"?>
<!-- Generated by org.testng.reporters.JUnitReportReporter -->
<testsuite hostname="ManeeshaSandeep" failures="0" tests="3" name="company11.testng.Testng" time="0.021" errors="0" timestamp="2024-05-04T16:16:07 IST" skipped="0">
  <testcase classname="company11.testng.Testng" name="testcase2" time="0.001"/>
  <system-out/>
  <testcase classname="company11.testng.Testng" name="testcase3" time="0.001"/>
  <system-out/>
  <testcase classname="company11.testng.Testng" name="testcase1" time="0.019"/>
  <system-out/>
</testsuite> <!-- company11.testng.Testng -->
